<?xml version="1.0" encoding="UTF-8"?>
<!-- Generated by org.testng.reporters.JUnitReportReporter -->
<testsuite hostname="Rushi" failures="0" tests="1" name="testPackage.Test05" time="13.537" errors="0" timestamp="2024-03-28T02:03:58 GMT-04:00" skipped="0">
  <testcase classname="testPackage.Test05" name="academicCalendar" time="13.537"/>
  <system-out/>
</testsuite> <!-- testPackage.Test05 -->
