<?xml version="1.0" encoding="UTF-8"?>
<!-- Generated by org.testng.reporters.JUnitReportReporter -->
<testsuite hostname="Rushi" failures="0" tests="3" name="testPackage.Test02" time="31.744" errors="0" timestamp="2024-03-28T02:03:58 GMT-04:00" skipped="0">
  <testcase classname="testPackage.Test02" name="addCanvasTodo" time="9.901"/>
  <system-out/>
  <testcase classname="testPackage.Test02" name="addCanvasTodo" time="12.296"/>
  <system-out/>
  <testcase classname="testPackage.Test02" name="addCanvasTodo" time="9.547"/>
  <system-out/>
</testsuite> <!-- testPackage.Test02 -->
