<?xml version="1.0" encoding="UTF-8"?>
<!-- Generated by org.testng.reporters.JUnitReportReporter -->
<testsuite hostname="Rushi" failures="0" tests="2" name="testPackage.Test01" time="37.341" errors="0" timestamp="2024-03-28T02:03:58 GMT-04:00" skipped="0">
  <testcase classname="testPackage.Test01" name="transcriptDownload" time="16.390"/>
  <system-out/>
  <testcase classname="testPackage.Test01" name="portalLogin" time="20.951"/>
  <system-out/>
</testsuite> <!-- testPackage.Test01 -->
