<?xml version="1.0" encoding="UTF-8"?>
<!-- Generated by org.testng.reporters.JUnitReportReporter -->
<testsuite hostname="Lance" failures="0" tests="7" name="testPackage.Test05" time="0.000" errors="0" timestamp="2024-03-27T22:00:56 GMT-04:00" skipped="7">
  <testcase classname="testPackage.Test05" name="academicCalendar" time="0.000">
    <skipped/>
  </testcase> <!-- academicCalendar -->
  <system-out/>
  <testcase classname="testPackage.Test05" name="transcriptDownload" time="0.000">
    <skipped/>
  </testcase> <!-- transcriptDownload -->
  <system-out/>
  <testcase classname="testPackage.Test05" name="addCanvasTodo" time="0.000">
    <skipped/>
  </testcase> <!-- addCanvasTodo -->
  <system-out/>
  <testcase classname="testPackage.Test05" name="classroomGuide" time="0.000">
    <skipped/>
  </testcase> <!-- classroomGuide -->
  <system-out/>
  <testcase classname="testPackage.Test05" name="addCanvasTodo" time="0.000">
    <skipped/>
  </testcase> <!-- addCanvasTodo -->
  <system-out/>
  <testcase classname="testPackage.Test05" name="addCanvasTodo" time="0.000">
    <skipped/>
  </testcase> <!-- addCanvasTodo -->
  <system-out/>
  <testcase classname="testPackage.Test05" name="portalLogin" time="0.000">
    <skipped/>
  </testcase> <!-- portalLogin -->
  <system-out/>
</testsuite> <!-- testPackage.Test05 -->
