<?xml version="1.0" encoding="UTF-8"?>
<!-- Generated by org.testng.reporters.JUnitReportReporter -->
<testsuite hostname="Lance" failures="0" tests="5" name="testPackage.Test02" time="0.001" errors="0" timestamp="2024-03-27T22:00:55 GMT-04:00" skipped="5">
  <testcase classname="testPackage.Test02" name="portalLogin" time="0.000">
    <skipped/>
  </testcase> <!-- portalLogin -->
  <system-out/>
  <testcase classname="testPackage.Test02" name="transcriptDownload" time="0.000">
    <skipped/>
  </testcase> <!-- transcriptDownload -->
  <system-out/>
  <testcase classname="testPackage.Test02" name="addCanvasTodo" time="0.000">
    <skipped/>
  </testcase> <!-- addCanvasTodo -->
  <system-out/>
  <testcase classname="testPackage.Test02" name="addCanvasTodo" time="0.000">
    <skipped/>
  </testcase> <!-- addCanvasTodo -->
  <system-out/>
  <testcase classname="testPackage.Test02" name="addCanvasTodo" time="0.001">
    <skipped/>
  </testcase> <!-- addCanvasTodo -->
  <system-out/>
</testsuite> <!-- testPackage.Test02 -->
