<?xml version="1.0" encoding="UTF-8"?>
<!-- Generated by org.testng.reporters.JUnitReportReporter -->
<testsuite hostname="Lance" failures="0" tests="6" name="testPackage.Test03" time="0.001" errors="0" timestamp="2024-03-27T22:00:56 GMT-04:00" skipped="6">
  <testcase classname="testPackage.Test03" name="addCanvasTodo" time="0.000">
    <skipped/>
  </testcase> <!-- addCanvasTodo -->
  <system-out/>
  <testcase classname="testPackage.Test03" name="transcriptDownload" time="0.000">
    <skipped/>
  </testcase> <!-- transcriptDownload -->
  <system-out/>
  <testcase classname="testPackage.Test03" name="addCanvasTodo" time="0.000">
    <skipped/>
  </testcase> <!-- addCanvasTodo -->
  <system-out/>
  <testcase classname="testPackage.Test03" name="addCanvasTodo" time="0.000">
    <skipped/>
  </testcase> <!-- addCanvasTodo -->
  <system-out/>
  <testcase classname="testPackage.Test03" name="portalLogin" time="0.001">
    <skipped/>
  </testcase> <!-- portalLogin -->
  <system-out/>
  <testcase classname="testPackage.Test03" name="classroomGuide" time="0.000">
    <skipped/>
  </testcase> <!-- classroomGuide -->
  <system-out/>
</testsuite> <!-- testPackage.Test03 -->
